# JRE version: Java(TM) SE Runtime Environment (8.0_311-b11) (build 1.8.0_311-b11)
# Java VM: Java HotSpot(TM) 64-Bit Server VM (25.311-b11 mixed mode windows-amd64 compressed oops)
Heap:
 PSYoungGen      total 152576K, used 146913K [0x000000076b180000, 0x0000000776780000, 0x00000007c0000000)
  eden space 147968K, 96% used [0x000000076b180000,0x0000000773c799e0,0x0000000774200000)
  from space 4608K, 99% used [0x0000000776300000,0x000000077677eca8,0x0000000776780000)
  to   space 11264K, 0% used [0x0000000775180000,0x0000000775180000,0x0000000775c80000)
 ParOldGen       total 275456K, used 17218K [0x00000006c1400000, 0x00000006d2100000, 0x000000076b180000)
  object space 275456K, 6% used [0x00000006c1400000,0x00000006c24d0908,0x00000006d2100000)
 Metaspace       used 61719K, capacity 70265K, committed 70360K, reserved 1110016K
  class space    used 8672K, capacity 9658K, committed 9728K, reserved 1048576K
GC Heap History (10 events):
Event: 5.822 GC heap before
{Heap before GC invocations=7 (full 2):
 PSYoungGen      total 100864K, used 90112K [0x000000076b180000, 0x0000000772100000, 0x00000007c0000000)
  eden space 90112K, 100% used [0x000000076b180000,0x0000000770980000,0x0000000770980000)
  from space 10752K, 0% used [0x0000000771400000,0x0000000771400000,0x0000000771e80000)
  to   space 10752K, 0% used [0x0000000770980000,0x0000000770980000,0x0000000771400000)
 ParOldGen       total 189440K, used 11367K [0x00000006c1400000, 0x00000006ccd00000, 0x000000076b180000)
  object space 189440K, 6% used [0x00000006c1400000,0x00000006c1f19e20,0x00000006ccd00000)
 Metaspace       used 40707K, capacity 42995K, committed 43264K, reserved 1087488K
  class space    used 5519K, capacity 5781K, committed 5888K, reserved 1048576K
Event: 5.830 GC heap after
Heap after GC invocations=7 (full 2):
 PSYoungGen      total 100864K, used 7698K [0x000000076b180000, 0x0000000773a00000, 0x00000007c0000000)
  eden space 90112K, 0% used [0x000000076b180000,0x000000076b180000,0x0000000770980000)
  from space 10752K, 71% used [0x0000000770980000,0x0000000771104928,0x0000000771400000)
  to   space 9728K, 0% used [0x0000000773080000,0x0000000773080000,0x0000000773a00000)
 ParOldGen       total 189440K, used 11375K [0x00000006c1400000, 0x00000006ccd00000, 0x000000076b180000)
  object space 189440K, 6% used [0x00000006c1400000,0x00000006c1f1be20,0x00000006ccd00000)
 Metaspace       used 40707K, capacity 42995K, committed 43264K, reserved 1087488K
  class space    used 5519K, capacity 5781K, committed 5888K, reserved 1048576K
}
Event: 6.387 GC heap before
{Heap before GC invocations=8 (full 2):
 PSYoungGen      total 100864K, used 97810K [0x000000076b180000, 0x0000000773a00000, 0x00000007c0000000)
  eden space 90112K, 100% used [0x000000076b180000,0x0000000770980000,0x0000000770980000)
  from space 10752K, 71% used [0x0000000770980000,0x0000000771104928,0x0000000771400000)
  to   space 9728K, 0% used [0x0000000773080000,0x0000000773080000,0x0000000773a00000)
 ParOldGen       total 189440K, used 11375K [0x00000006c1400000, 0x00000006ccd00000, 0x000000076b180000)
  object space 189440K, 6% used [0x00000006c1400000,0x00000006c1f1be20,0x00000006ccd00000)
 Metaspace       used 48080K, capacity 50761K, committed 50944K, reserved 1093632K
  class space    used 6371K, capacity 6656K, committed 6656K, reserved 1048576K
Event: 6.395 GC heap after
Heap after GC invocations=8 (full 2):
 PSYoungGen      total 129024K, used 9654K [0x000000076b180000, 0x0000000774100000, 0x00000007c0000000)
  eden space 119296K, 0% used [0x000000076b180000,0x000000076b180000,0x0000000772600000)
  from space 9728K, 99% used [0x0000000773080000,0x00000007739ed918,0x0000000773a00000)
  to   space 10752K, 0% used [0x0000000772600000,0x0000000772600000,0x0000000773080000)
 ParOldGen       total 189440K, used 11383K [0x00000006c1400000, 0x00000006ccd00000, 0x000000076b180000)
  object space 189440K, 6% used [0x00000006c1400000,0x00000006c1f1de20,0x00000006ccd00000)
 Metaspace       used 48080K, capacity 50761K, committed 50944K, reserved 1093632K
  class space    used 6371K, capacity 6656K, committed 6656K, reserved 1048576K
}
Event: 7.672 GC heap before
{Heap before GC invocations=9 (full 2):
 PSYoungGen      total 129024K, used 94123K [0x000000076b180000, 0x0000000774100000, 0x00000007c0000000)
  eden space 119296K, 70% used [0x000000076b180000,0x00000007703fd628,0x0000000772600000)
  from space 9728K, 99% used [0x0000000773080000,0x00000007739ed918,0x0000000773a00000)
  to   space 10752K, 0% used [0x0000000772600000,0x0000000772600000,0x0000000773080000)
 ParOldGen       total 189440K, used 11383K [0x00000006c1400000, 0x00000006ccd00000, 0x000000076b180000)
  object space 189440K, 6% used [0x00000006c1400000,0x00000006c1f1de20,0x00000006ccd00000)
 Metaspace       used 54821K, capacity 58957K, committed 59096K, reserved 1099776K
  class space    used 7393K, capacity 7847K, committed 7936K, reserved 1048576K
Event: 7.692 GC heap after
Heap after GC invocations=9 (full 2):
 PSYoungGen      total 130048K, used 9364K [0x000000076b180000, 0x0000000776d80000, 0x00000007c0000000)
  eden space 119296K, 0% used [0x000000076b180000,0x000000076b180000,0x0000000772600000)
  from space 10752K, 87% used [0x0000000772600000,0x0000000772f25058,0x0000000773080000)
  to   space 10752K, 0% used [0x0000000776300000,0x0000000776300000,0x0000000776d80000)
 ParOldGen       total 189440K, used 11391K [0x00000006c1400000, 0x00000006ccd00000, 0x000000076b180000)
  object space 189440K, 6% used [0x00000006c1400000,0x00000006c1f1fe20,0x00000006ccd00000)
 Metaspace       used 54821K, capacity 58957K, committed 59096K, reserved 1099776K
  class space    used 7393K, capacity 7847K, committed 7936K, reserved 1048576K
}
Event: 7.692 GC heap before
{Heap before GC invocations=10 (full 3):
 PSYoungGen      total 130048K, used 9364K [0x000000076b180000, 0x0000000776d80000, 0x00000007c0000000)
  eden space 119296K, 0% used [0x000000076b180000,0x000000076b180000,0x0000000772600000)
  from space 10752K, 87% used [0x0000000772600000,0x0000000772f25058,0x0000000773080000)
  to   space 10752K, 0% used [0x0000000776300000,0x0000000776300000,0x0000000776d80000)
 ParOldGen       total 189440K, used 11391K [0x00000006c1400000, 0x00000006ccd00000, 0x000000076b180000)
  object space 189440K, 6% used [0x00000006c1400000,0x00000006c1f1fe20,0x00000006ccd00000)
 Metaspace       used 54821K, capacity 58957K, committed 59096K, reserved 1099776K
  class space    used 7393K, capacity 7847K, committed 7936K, reserved 1048576K
Event: 7.878 GC heap after
Heap after GC invocations=10 (full 3):
 PSYoungGen      total 130048K, used 0K [0x000000076b180000, 0x0000000776d80000, 0x00000007c0000000)
  eden space 119296K, 0% used [0x000000076b180000,0x000000076b180000,0x0000000772600000)
  from space 10752K, 0% used [0x0000000772600000,0x0000000772600000,0x0000000773080000)
  to   space 10752K, 0% used [0x0000000776300000,0x0000000776300000,0x0000000776d80000)
 ParOldGen       total 275456K, used 17210K [0x00000006c1400000, 0x00000006d2100000, 0x000000076b180000)
  object space 275456K, 6% used [0x00000006c1400000,0x00000006c24ce908,0x00000006d2100000)
 Metaspace       used 54740K, capacity 58763K, committed 59096K, reserved 1099776K
  class space    used 7365K, capacity 7806K, committed 7936K, reserved 1048576K
}
Event: 9.160 GC heap before
{Heap before GC invocations=11 (full 3):
 PSYoungGen      total 130048K, used 119296K [0x000000076b180000, 0x0000000776d80000, 0x00000007c0000000)
  eden space 119296K, 100% used [0x000000076b180000,0x0000000772600000,0x0000000772600000)
  from space 10752K, 0% used [0x0000000772600000,0x0000000772600000,0x0000000773080000)
  to   space 10752K, 0% used [0x0000000776300000,0x0000000776300000,0x0000000776d80000)
 ParOldGen       total 275456K, used 17210K [0x00000006c1400000, 0x00000006d2100000, 0x000000076b180000)
  object space 275456K, 6% used [0x00000006c1400000,0x00000006c24ce908,0x00000006d2100000)
 Metaspace       used 59136K, capacity 66065K, committed 66136K, reserved 1105920K
  class space    used 8232K, capacity 9021K, committed 9088K, reserved 1048576K
Event: 9.171 GC heap after
Heap after GC invocations=11 (full 3):
 PSYoungGen      total 152576K, used 4603K [0x000000076b180000, 0x0000000776780000, 0x00000007c0000000)
  eden space 147968K, 0% used [0x000000076b180000,0x000000076b180000,0x0000000774200000)
  from space 4608K, 99% used [0x0000000776300000,0x000000077677eca8,0x0000000776780000)
  to   space 11264K, 0% used [0x0000000775180000,0x0000000775180000,0x0000000775c80000)
 ParOldGen       total 275456K, used 17218K [0x00000006c1400000, 0x00000006d2100000, 0x000000076b180000)
  object space 275456K, 6% used [0x00000006c1400000,0x00000006c24d0908,0x00000006d2100000)
 Metaspace       used 59136K, capacity 66065K, committed 66136K, reserved 1105920K
  class space    used 8232K, capacity 9021K, committed 9088K, reserved 1048576K
}

