# JRE version: Java(TM) SE Runtime Environment (8.0_311-b11) (build 1.8.0_311-b11)
# Java VM: Java HotSpot(TM) 64-Bit Server VM (25.311-b11 mixed mode windows-amd64 compressed oops)
Heap:
 PSYoungGen      total 141824K, used 59505K [0x000000076b180000, 0x0000000774f00000, 0x00000007c0000000)
  eden space 136192K, 39% used [0x000000076b180000,0x000000076e6763e8,0x0000000773680000)
  from space 5632K, 93% used [0x0000000774980000,0x0000000774ea6048,0x0000000774f00000)
  to   space 11264K, 0% used [0x0000000773900000,0x0000000773900000,0x0000000774400000)
 ParOldGen       total 291328K, used 17800K [0x00000006c1400000, 0x00000006d3080000, 0x000000076b180000)
  object space 291328K, 6% used [0x00000006c1400000,0x00000006c2562358,0x00000006d3080000)
 Metaspace       used 60950K, capacity 68748K, committed 68864K, reserved 1107968K
  class space    used 8545K, capacity 9443K, committed 9472K, reserved 1048576K
GC Heap History (10 events):
Event: 8.299 GC heap before
{Heap before GC invocations=7 (full 2):
 PSYoungGen      total 94208K, used 83456K [0x000000076b180000, 0x0000000771980000, 0x00000007c0000000)
  eden space 83456K, 100% used [0x000000076b180000,0x0000000770300000,0x0000000770300000)
  from space 10752K, 0% used [0x0000000770d80000,0x0000000770d80000,0x0000000771800000)
  to   space 10752K, 0% used [0x0000000770300000,0x0000000770300000,0x0000000770d80000)
 ParOldGen       total 200704K, used 11374K [0x00000006c1400000, 0x00000006cd800000, 0x000000076b180000)
  object space 200704K, 5% used [0x00000006c1400000,0x00000006c1f1bba0,0x00000006cd800000)
 Metaspace       used 40524K, capacity 42770K, committed 42880K, reserved 1087488K
  class space    used 5500K, capacity 5749K, committed 5760K, reserved 1048576K
Event: 8.305 GC heap after
Heap after GC invocations=7 (full 2):
 PSYoungGen      total 94208K, used 7475K [0x000000076b180000, 0x0000000772f00000, 0x00000007c0000000)
  eden space 83456K, 0% used [0x000000076b180000,0x000000076b180000,0x0000000770300000)
  from space 10752K, 69% used [0x0000000770300000,0x0000000770a4ce50,0x0000000770d80000)
  to   space 9728K, 0% used [0x0000000772580000,0x0000000772580000,0x0000000772f00000)
 ParOldGen       total 200704K, used 11382K [0x00000006c1400000, 0x00000006cd800000, 0x000000076b180000)
  object space 200704K, 5% used [0x00000006c1400000,0x00000006c1f1dba0,0x00000006cd800000)
 Metaspace       used 40524K, capacity 42770K, committed 42880K, reserved 1087488K
  class space    used 5500K, capacity 5749K, committed 5760K, reserved 1048576K
}
Event: 9.063 GC heap before
{Heap before GC invocations=8 (full 2):
 PSYoungGen      total 94208K, used 90931K [0x000000076b180000, 0x0000000772f00000, 0x00000007c0000000)
  eden space 83456K, 100% used [0x000000076b180000,0x0000000770300000,0x0000000770300000)
  from space 10752K, 69% used [0x0000000770300000,0x0000000770a4ce50,0x0000000770d80000)
  to   space 9728K, 0% used [0x0000000772580000,0x0000000772580000,0x0000000772f00000)
 ParOldGen       total 200704K, used 11398K [0x00000006c1400000, 0x00000006cd800000, 0x000000076b180000)
  object space 200704K, 5% used [0x00000006c1400000,0x00000006c1f21810,0x00000006cd800000)
 Metaspace       used 47556K, capacity 50234K, committed 50432K, reserved 1093632K
  class space    used 6298K, capacity 6589K, committed 6656K, reserved 1048576K
Event: 9.073 GC heap after
Heap after GC invocations=8 (full 2):
 PSYoungGen      total 118272K, used 9167K [0x000000076b180000, 0x0000000773500000, 0x00000007c0000000)
  eden space 108544K, 0% used [0x000000076b180000,0x000000076b180000,0x0000000771b80000)
  from space 9728K, 94% used [0x0000000772580000,0x0000000772e73d70,0x0000000772f00000)
  to   space 10240K, 0% used [0x0000000771b80000,0x0000000771b80000,0x0000000772580000)
 ParOldGen       total 200704K, used 11406K [0x00000006c1400000, 0x00000006cd800000, 0x000000076b180000)
  object space 200704K, 5% used [0x00000006c1400000,0x00000006c1f23810,0x00000006cd800000)
 Metaspace       used 47556K, capacity 50234K, committed 50432K, reserved 1093632K
  class space    used 6298K, capacity 6589K, committed 6656K, reserved 1048576K
}
Event: 14.263 GC heap before
{Heap before GC invocations=9 (full 2):
 PSYoungGen      total 118272K, used 102398K [0x000000076b180000, 0x0000000773500000, 0x00000007c0000000)
  eden space 108544K, 85% used [0x000000076b180000,0x0000000770c8bc68,0x0000000771b80000)
  from space 9728K, 94% used [0x0000000772580000,0x0000000772e73d70,0x0000000772f00000)
  to   space 10240K, 0% used [0x0000000771b80000,0x0000000771b80000,0x0000000772580000)
 ParOldGen       total 200704K, used 11406K [0x00000006c1400000, 0x00000006cd800000, 0x000000076b180000)
  object space 200704K, 5% used [0x00000006c1400000,0x00000006c1f23810,0x00000006cd800000)
 Metaspace       used 54908K, capacity 59102K, committed 59160K, reserved 1101824K
  class space    used 7411K, capacity 7880K, committed 7936K, reserved 1048576K
Event: 14.277 GC heap after
Heap after GC invocations=9 (full 2):
 PSYoungGen      total 118784K, used 9984K [0x000000076b180000, 0x0000000775480000, 0x00000007c0000000)
  eden space 108544K, 0% used [0x000000076b180000,0x000000076b180000,0x0000000771b80000)
  from space 10240K, 97% used [0x0000000771b80000,0x0000000772540068,0x0000000772580000)
  to   space 11264K, 0% used [0x0000000774980000,0x0000000774980000,0x0000000775480000)
 ParOldGen       total 200704K, used 11414K [0x00000006c1400000, 0x00000006cd800000, 0x000000076b180000)
  object space 200704K, 5% used [0x00000006c1400000,0x00000006c1f25810,0x00000006cd800000)
 Metaspace       used 54908K, capacity 59102K, committed 59160K, reserved 1101824K
  class space    used 7411K, capacity 7880K, committed 7936K, reserved 1048576K
}
Event: 14.277 GC heap before
{Heap before GC invocations=10 (full 3):
 PSYoungGen      total 118784K, used 9984K [0x000000076b180000, 0x0000000775480000, 0x00000007c0000000)
  eden space 108544K, 0% used [0x000000076b180000,0x000000076b180000,0x0000000771b80000)
  from space 10240K, 97% used [0x0000000771b80000,0x0000000772540068,0x0000000772580000)
  to   space 11264K, 0% used [0x0000000774980000,0x0000000774980000,0x0000000775480000)
 ParOldGen       total 200704K, used 11414K [0x00000006c1400000, 0x00000006cd800000, 0x000000076b180000)
  object space 200704K, 5% used [0x00000006c1400000,0x00000006c1f25810,0x00000006cd800000)
 Metaspace       used 54908K, capacity 59102K, committed 59160K, reserved 1101824K
  class space    used 7411K, capacity 7880K, committed 7936K, reserved 1048576K
Event: 14.467 GC heap after
Heap after GC invocations=10 (full 3):
 PSYoungGen      total 118784K, used 0K [0x000000076b180000, 0x0000000775480000, 0x00000007c0000000)
  eden space 108544K, 0% used [0x000000076b180000,0x000000076b180000,0x0000000771b80000)
  from space 10240K, 0% used [0x0000000771b80000,0x0000000771b80000,0x0000000772580000)
  to   space 11264K, 0% used [0x0000000774980000,0x0000000774980000,0x0000000775480000)
 ParOldGen       total 291328K, used 17786K [0x00000006c1400000, 0x00000006d3080000, 0x000000076b180000)
  object space 291328K, 6% used [0x00000006c1400000,0x00000006c255eb10,0x00000006d3080000)
 Metaspace       used 54774K, capacity 58768K, committed 59160K, reserved 1101824K
  class space    used 7365K, capacity 7807K, committed 7936K, reserved 1048576K
}
Event: 16.818 GC heap before
{Heap before GC invocations=11 (full 3):
 PSYoungGen      total 118784K, used 108544K [0x000000076b180000, 0x0000000775480000, 0x00000007c0000000)
  eden space 108544K, 100% used [0x000000076b180000,0x0000000771b80000,0x0000000771b80000)
  from space 10240K, 0% used [0x0000000771b80000,0x0000000771b80000,0x0000000772580000)
  to   space 11264K, 0% used [0x0000000774980000,0x0000000774980000,0x0000000775480000)
 ParOldGen       total 291328K, used 17792K [0x00000006c1400000, 0x00000006d3080000, 0x000000076b180000)
  object space 291328K, 6% used [0x00000006c1400000,0x00000006c2560358,0x00000006d3080000)
 Metaspace       used 59199K, capacity 65880K, committed 66176K, reserved 1105920K
  class space    used 8220K, capacity 8968K, committed 9088K, reserved 1048576K
Event: 16.830 GC heap after
Heap after GC invocations=11 (full 3):
 PSYoungGen      total 141824K, used 5272K [0x000000076b180000, 0x0000000774f00000, 0x00000007c0000000)
  eden space 136192K, 0% used [0x000000076b180000,0x000000076b180000,0x0000000773680000)
  from space 5632K, 93% used [0x0000000774980000,0x0000000774ea6048,0x0000000774f00000)
  to   space 11264K, 0% used [0x0000000773900000,0x0000000773900000,0x0000000774400000)
 ParOldGen       total 291328K, used 17800K [0x00000006c1400000, 0x00000006d3080000, 0x000000076b180000)
  object space 291328K, 6% used [0x00000006c1400000,0x00000006c2562358,0x00000006d3080000)
 Metaspace       used 59199K, capacity 65880K, committed 66176K, reserved 1105920K
  class space    used 8220K, capacity 8968K, committed 9088K, reserved 1048576K
}

