# JRE version: Java(TM) SE Runtime Environment (8.0_311-b11) (build 1.8.0_311-b11)
# Java VM: Java HotSpot(TM) 64-Bit Server VM (25.311-b11 mixed mode windows-amd64 compressed oops)
Heap:
 PSYoungGen      total 128512K, used 78145K [0x000000076b180000, 0x0000000776400000, 0x00000007c0000000)
  eden space 117760K, 66% used [0x000000076b180000,0x000000076fdd07b0,0x0000000772480000)
  from space 10752K, 0% used [0x0000000772480000,0x0000000772480000,0x0000000772f00000)
  to   space 11776K, 0% used [0x0000000775880000,0x0000000775880000,0x0000000776400000)
 ParOldGen       total 270848K, used 18223K [0x00000006c1400000, 0x00000006d1c80000, 0x000000076b180000)
  object space 270848K, 6% used [0x00000006c1400000,0x00000006c25cbde8,0x00000006d1c80000)
 Metaspace       used 57495K, capacity 63282K, committed 63448K, reserved 1107968K
  class space    used 7893K, capacity 8560K, committed 8664K, reserved 1048576K
GC Heap History (10 events):
Event: 6.477 GC heap before
{Heap before GC invocations=6 (full 2):
 PSYoungGen      total 99328K, used 6757K [0x000000076b180000, 0x0000000772000000, 0x00000007c0000000)
  eden space 88576K, 0% used [0x000000076b180000,0x000000076b180000,0x0000000770800000)
  from space 10752K, 62% used [0x0000000771280000,0x0000000771919578,0x0000000771d00000)
  to   space 10752K, 0% used [0x0000000770800000,0x0000000770800000,0x0000000771280000)
 ParOldGen       total 113152K, used 9023K [0x00000006c1400000, 0x00000006c8280000, 0x000000076b180000)
  object space 113152K, 7% used [0x00000006c1400000,0x00000006c1ccfca8,0x00000006c8280000)
 Metaspace       used 33527K, capacity 35277K, committed 35456K, reserved 1079296K
  class space    used 4638K, capacity 4870K, committed 4992K, reserved 1048576K
Event: 6.542 GC heap after
Heap after GC invocations=6 (full 2):
 PSYoungGen      total 99328K, used 0K [0x000000076b180000, 0x0000000772000000, 0x00000007c0000000)
  eden space 88576K, 0% used [0x000000076b180000,0x000000076b180000,0x0000000770800000)
  from space 10752K, 0% used [0x0000000771280000,0x0000000771280000,0x0000000771d00000)
  to   space 10752K, 0% used [0x0000000770800000,0x0000000770800000,0x0000000771280000)
 ParOldGen       total 188928K, used 11147K [0x00000006c1400000, 0x00000006ccc80000, 0x000000076b180000)
  object space 188928K, 5% used [0x00000006c1400000,0x00000006c1ee2f38,0x00000006ccc80000)
 Metaspace       used 33527K, capacity 35277K, committed 35456K, reserved 1079296K
  class space    used 4638K, capacity 4870K, committed 4992K, reserved 1048576K
}
Event: 7.983 GC heap before
{Heap before GC invocations=7 (full 2):
 PSYoungGen      total 99328K, used 88576K [0x000000076b180000, 0x0000000772000000, 0x00000007c0000000)
  eden space 88576K, 100% used [0x000000076b180000,0x0000000770800000,0x0000000770800000)
  from space 10752K, 0% used [0x0000000771280000,0x0000000771280000,0x0000000771d00000)
  to   space 10752K, 0% used [0x0000000770800000,0x0000000770800000,0x0000000771280000)
 ParOldGen       total 188928K, used 11147K [0x00000006c1400000, 0x00000006ccc80000, 0x000000076b180000)
  object space 188928K, 5% used [0x00000006c1400000,0x00000006c1ee2f38,0x00000006ccc80000)
 Metaspace       used 40719K, capacity 43001K, committed 43264K, reserved 1087488K
  class space    used 5518K, capacity 5780K, committed 5888K, reserved 1048576K
Event: 8.000 GC heap after
Heap after GC invocations=7 (full 2):
 PSYoungGen      total 99328K, used 7697K [0x000000076b180000, 0x0000000773900000, 0x00000007c0000000)
  eden space 88576K, 0% used [0x000000076b180000,0x000000076b180000,0x0000000770800000)
  from space 10752K, 71% used [0x0000000770800000,0x0000000770f847b8,0x0000000771280000)
  to   space 10240K, 0% used [0x0000000772f00000,0x0000000772f00000,0x0000000773900000)
 ParOldGen       total 188928K, used 11155K [0x00000006c1400000, 0x00000006ccc80000, 0x000000076b180000)
  object space 188928K, 5% used [0x00000006c1400000,0x00000006c1ee4f38,0x00000006ccc80000)
 Metaspace       used 40719K, capacity 43001K, committed 43264K, reserved 1087488K
  class space    used 5518K, capacity 5780K, committed 5888K, reserved 1048576K
}
Event: 8.843 GC heap before
{Heap before GC invocations=8 (full 2):
 PSYoungGen      total 99328K, used 96273K [0x000000076b180000, 0x0000000773900000, 0x00000007c0000000)
  eden space 88576K, 100% used [0x000000076b180000,0x0000000770800000,0x0000000770800000)
  from space 10752K, 71% used [0x0000000770800000,0x0000000770f847b8,0x0000000771280000)
  to   space 10240K, 0% used [0x0000000772f00000,0x0000000772f00000,0x0000000773900000)
 ParOldGen       total 188928K, used 11155K [0x00000006c1400000, 0x00000006ccc80000, 0x000000076b180000)
  object space 188928K, 5% used [0x00000006c1400000,0x00000006c1ee4f38,0x00000006ccc80000)
 Metaspace       used 47835K, capacity 50415K, committed 50432K, reserved 1093632K
  class space    used 6385K, capacity 6654K, committed 6656K, reserved 1048576K
Event: 8.851 GC heap after
Heap after GC invocations=8 (full 2):
 PSYoungGen      total 128000K, used 9600K [0x000000076b180000, 0x0000000773b80000, 0x00000007c0000000)
  eden space 117760K, 0% used [0x000000076b180000,0x000000076b180000,0x0000000772480000)
  from space 10240K, 93% used [0x0000000772f00000,0x0000000773860340,0x0000000773900000)
  to   space 10752K, 0% used [0x0000000772480000,0x0000000772480000,0x0000000772f00000)
 ParOldGen       total 188928K, used 11163K [0x00000006c1400000, 0x00000006ccc80000, 0x000000076b180000)
  object space 188928K, 5% used [0x00000006c1400000,0x00000006c1ee6f38,0x00000006ccc80000)
 Metaspace       used 47835K, capacity 50415K, committed 50432K, reserved 1093632K
  class space    used 6385K, capacity 6654K, committed 6656K, reserved 1048576K
}
Event: 13.218 GC heap before
{Heap before GC invocations=9 (full 2):
 PSYoungGen      total 128000K, used 97648K [0x000000076b180000, 0x0000000773b80000, 0x00000007c0000000)
  eden space 117760K, 74% used [0x000000076b180000,0x000000077077bff8,0x0000000772480000)
  from space 10240K, 93% used [0x0000000772f00000,0x0000000773860340,0x0000000773900000)
  to   space 10752K, 0% used [0x0000000772480000,0x0000000772480000,0x0000000772f00000)
 ParOldGen       total 188928K, used 11163K [0x00000006c1400000, 0x00000006ccc80000, 0x000000076b180000)
  object space 188928K, 5% used [0x00000006c1400000,0x00000006c1ee6f38,0x00000006ccc80000)
 Metaspace       used 54964K, capacity 59013K, committed 59096K, reserved 1099776K
  class space    used 7414K, capacity 7849K, committed 7896K, reserved 1048576K
Event: 13.254 GC heap after
Heap after GC invocations=9 (full 2):
 PSYoungGen      total 128512K, used 10395K [0x000000076b180000, 0x0000000776400000, 0x00000007c0000000)
  eden space 117760K, 0% used [0x000000076b180000,0x000000076b180000,0x0000000772480000)
  from space 10752K, 96% used [0x0000000772480000,0x0000000772ea6c58,0x0000000772f00000)
  to   space 11776K, 0% used [0x0000000775880000,0x0000000775880000,0x0000000776400000)
 ParOldGen       total 188928K, used 11171K [0x00000006c1400000, 0x00000006ccc80000, 0x000000076b180000)
  object space 188928K, 5% used [0x00000006c1400000,0x00000006c1ee8f38,0x00000006ccc80000)
 Metaspace       used 54964K, capacity 59013K, committed 59096K, reserved 1099776K
  class space    used 7414K, capacity 7849K, committed 7896K, reserved 1048576K
}
Event: 13.254 GC heap before
{Heap before GC invocations=10 (full 3):
 PSYoungGen      total 128512K, used 10395K [0x000000076b180000, 0x0000000776400000, 0x00000007c0000000)
  eden space 117760K, 0% used [0x000000076b180000,0x000000076b180000,0x0000000772480000)
  from space 10752K, 96% used [0x0000000772480000,0x0000000772ea6c58,0x0000000772f00000)
  to   space 11776K, 0% used [0x0000000775880000,0x0000000775880000,0x0000000776400000)
 ParOldGen       total 188928K, used 11171K [0x00000006c1400000, 0x00000006ccc80000, 0x000000076b180000)
  object space 188928K, 5% used [0x00000006c1400000,0x00000006c1ee8f38,0x00000006ccc80000)
 Metaspace       used 54964K, capacity 59013K, committed 59096K, reserved 1099776K
  class space    used 7414K, capacity 7849K, committed 7896K, reserved 1048576K
Event: 13.433 GC heap after
Heap after GC invocations=10 (full 3):
 PSYoungGen      total 128512K, used 0K [0x000000076b180000, 0x0000000776400000, 0x00000007c0000000)
  eden space 117760K, 0% used [0x000000076b180000,0x000000076b180000,0x0000000772480000)
  from space 10752K, 0% used [0x0000000772480000,0x0000000772480000,0x0000000772f00000)
  to   space 11776K, 0% used [0x0000000775880000,0x0000000775880000,0x0000000776400000)
 ParOldGen       total 270848K, used 18223K [0x00000006c1400000, 0x00000006d1c80000, 0x000000076b180000)
  object space 270848K, 6% used [0x00000006c1400000,0x00000006c25cbde8,0x00000006d1c80000)
 Metaspace       used 54964K, capacity 59013K, committed 59096K, reserved 1099776K
  class space    used 7414K, capacity 7849K, committed 7896K, reserved 1048576K
}

