# JRE version: Java(TM) SE Runtime Environment (8.0_311-b11) (build 1.8.0_311-b11)
# Java VM: Java HotSpot(TM) 64-Bit Server VM (25.311-b11 mixed mode windows-amd64 compressed oops)
Heap:
 PSYoungGen      total 185344K, used 177292K [0x000000076b180000, 0x0000000777600000, 0x00000007c0000000)
  eden space 176640K, 95% used [0x000000076b180000,0x0000000775635390,0x0000000775e00000)
  from space 8704K, 99% used [0x0000000776d80000,0x00000007775edde0,0x0000000777600000)
  to   space 10752K, 0% used [0x0000000776100000,0x0000000776100000,0x0000000776b80000)
 ParOldGen       total 258048K, used 17836K [0x00000006c1400000, 0x00000006d1000000, 0x000000076b180000)
  object space 258048K, 6% used [0x00000006c1400000,0x00000006c256b168,0x00000006d1000000)
 Metaspace       used 62394K, capacity 69229K, committed 69336K, reserved 1110016K
  class space    used 8370K, capacity 9137K, committed 9176K, reserved 1048576K
GC Heap History (10 events):
Event: 14.406 GC heap before
{Heap before GC invocations=11 (full 3):
 PSYoungGen      total 135168K, used 124416K [0x000000076b180000, 0x0000000777400000, 0x00000007c0000000)
  eden space 124416K, 100% used [0x000000076b180000,0x0000000772b00000,0x0000000772b00000)
  from space 10752K, 0% used [0x0000000772b00000,0x0000000772b00000,0x0000000773580000)
  to   space 11776K, 0% used [0x0000000776880000,0x0000000776880000,0x0000000777400000)
 ParOldGen       total 258048K, used 17788K [0x00000006c1400000, 0x00000006d1000000, 0x000000076b180000)
  object space 258048K, 6% used [0x00000006c1400000,0x00000006c255f158,0x00000006d1000000)
 Metaspace       used 59339K, capacity 65433K, committed 65624K, reserved 1105920K
  class space    used 8045K, capacity 8738K, committed 8792K, reserved 1048576K
Event: 14.412 GC heap after
Heap after GC invocations=11 (full 3):
 PSYoungGen      total 167936K, used 7092K [0x000000076b180000, 0x0000000776f80000, 0x00000007c0000000)
  eden space 160768K, 0% used [0x000000076b180000,0x000000076b180000,0x0000000774e80000)
  from space 7168K, 98% used [0x0000000776880000,0x0000000776f6d320,0x0000000776f80000)
  to   space 11264K, 0% used [0x0000000775980000,0x0000000775980000,0x0000000776480000)
 ParOldGen       total 258048K, used 17804K [0x00000006c1400000, 0x00000006d1000000, 0x000000076b180000)
  object space 258048K, 6% used [0x00000006c1400000,0x00000006c2563168,0x00000006d1000000)
 Metaspace       used 59339K, capacity 65433K, committed 65624K, reserved 1105920K
  class space    used 8045K, capacity 8738K, committed 8792K, reserved 1048576K
}
Event: 36.660 GC heap before
{Heap before GC invocations=12 (full 3):
 PSYoungGen      total 167936K, used 167849K [0x000000076b180000, 0x0000000776f80000, 0x00000007c0000000)
  eden space 160768K, 99% used [0x000000076b180000,0x0000000774e7d110,0x0000000774e80000)
  from space 7168K, 98% used [0x0000000776880000,0x0000000776f6d320,0x0000000776f80000)
  to   space 11264K, 0% used [0x0000000775980000,0x0000000775980000,0x0000000776480000)
 ParOldGen       total 258048K, used 17804K [0x00000006c1400000, 0x00000006d1000000, 0x000000076b180000)
  object space 258048K, 6% used [0x00000006c1400000,0x00000006c2563168,0x00000006d1000000)
 Metaspace       used 61162K, capacity 67837K, committed 68056K, reserved 1107968K
  class space    used 8322K, capacity 9085K, committed 9176K, reserved 1048576K
Event: 36.666 GC heap after
Heap after GC invocations=12 (full 3):
 PSYoungGen      total 183296K, used 7113K [0x000000076b180000, 0x0000000777b00000, 0x00000007c0000000)
  eden space 172032K, 0% used [0x000000076b180000,0x000000076b180000,0x0000000775980000)
  from space 11264K, 63% used [0x0000000775980000,0x00000007760726e0,0x0000000776480000)
  to   space 11264K, 0% used [0x0000000777000000,0x0000000777000000,0x0000000777b00000)
 ParOldGen       total 258048K, used 17812K [0x00000006c1400000, 0x00000006d1000000, 0x000000076b180000)
  object space 258048K, 6% used [0x00000006c1400000,0x00000006c2565168,0x00000006d1000000)
 Metaspace       used 61162K, capacity 67837K, committed 68056K, reserved 1107968K
  class space    used 8322K, capacity 9085K, committed 9176K, reserved 1048576K
}
Event: 76.641 GC heap before
{Heap before GC invocations=13 (full 3):
 PSYoungGen      total 183296K, used 179145K [0x000000076b180000, 0x0000000777b00000, 0x00000007c0000000)
  eden space 172032K, 100% used [0x000000076b180000,0x0000000775980000,0x0000000775980000)
  from space 11264K, 63% used [0x0000000775980000,0x00000007760726e0,0x0000000776480000)
  to   space 11264K, 0% used [0x0000000777000000,0x0000000777000000,0x0000000777b00000)
 ParOldGen       total 258048K, used 17812K [0x00000006c1400000, 0x00000006d1000000, 0x000000076b180000)
  object space 258048K, 6% used [0x00000006c1400000,0x00000006c2565168,0x00000006d1000000)
 Metaspace       used 61659K, capacity 68461K, committed 68568K, reserved 1107968K
  class space    used 8361K, capacity 9123K, committed 9176K, reserved 1048576K
Event: 76.647 GC heap after
Heap after GC invocations=13 (full 3):
 PSYoungGen      total 195072K, used 7994K [0x000000076b180000, 0x0000000778300000, 0x00000007c0000000)
  eden space 183808K, 0% used [0x000000076b180000,0x000000076b180000,0x0000000776500000)
  from space 11264K, 70% used [0x0000000777000000,0x00000007777cea68,0x0000000777b00000)
  to   space 11264K, 0% used [0x0000000776500000,0x0000000776500000,0x0000000777000000)
 ParOldGen       total 258048K, used 17820K [0x00000006c1400000, 0x00000006d1000000, 0x000000076b180000)
  object space 258048K, 6% used [0x00000006c1400000,0x00000006c2567168,0x00000006d1000000)
 Metaspace       used 61659K, capacity 68461K, committed 68568K, reserved 1107968K
  class space    used 8361K, capacity 9123K, committed 9176K, reserved 1048576K
}
Event: 121.695 GC heap before
{Heap before GC invocations=14 (full 3):
 PSYoungGen      total 195072K, used 189968K [0x000000076b180000, 0x0000000778300000, 0x00000007c0000000)
  eden space 183808K, 99% used [0x000000076b180000,0x00000007763357d0,0x0000000776500000)
  from space 11264K, 70% used [0x0000000777000000,0x00000007777cea68,0x0000000777b00000)
  to   space 11264K, 0% used [0x0000000776500000,0x0000000776500000,0x0000000777000000)
 ParOldGen       total 258048K, used 17820K [0x00000006c1400000, 0x00000006d1000000, 0x000000076b180000)
  object space 258048K, 6% used [0x00000006c1400000,0x00000006c2567168,0x00000006d1000000)
 Metaspace       used 61974K, capacity 68809K, committed 69080K, reserved 1110016K
  class space    used 8369K, capacity 9137K, committed 9176K, reserved 1048576K
Event: 121.703 GC heap after
Heap after GC invocations=14 (full 3):
 PSYoungGen      total 188928K, used 8247K [0x000000076b180000, 0x0000000777680000, 0x00000007c0000000)
  eden space 180224K, 0% used [0x000000076b180000,0x000000076b180000,0x0000000776180000)
  from space 8704K, 94% used [0x0000000776500000,0x0000000776d0ddc0,0x0000000776d80000)
  to   space 9216K, 0% used [0x0000000776d80000,0x0000000776d80000,0x0000000777680000)
 ParOldGen       total 258048K, used 17828K [0x00000006c1400000, 0x00000006d1000000, 0x000000076b180000)
  object space 258048K, 6% used [0x00000006c1400000,0x00000006c2569168,0x00000006d1000000)
 Metaspace       used 61974K, capacity 68809K, committed 69080K, reserved 1110016K
  class space    used 8369K, capacity 9137K, committed 9176K, reserved 1048576K
}
Event: 171.630 GC heap before
{Heap before GC invocations=15 (full 3):
 PSYoungGen      total 188928K, used 187055K [0x000000076b180000, 0x0000000777680000, 0x00000007c0000000)
  eden space 180224K, 99% used [0x000000076b180000,0x000000077601e110,0x0000000776180000)
  from space 8704K, 94% used [0x0000000776500000,0x0000000776d0ddc0,0x0000000776d80000)
  to   space 9216K, 0% used [0x0000000776d80000,0x0000000776d80000,0x0000000777680000)
 ParOldGen       total 258048K, used 17828K [0x00000006c1400000, 0x00000006d1000000, 0x000000076b180000)
  object space 258048K, 6% used [0x00000006c1400000,0x00000006c2569168,0x00000006d1000000)
 Metaspace       used 62228K, capacity 69085K, committed 69336K, reserved 1110016K
  class space    used 8369K, capacity 9137K, committed 9176K, reserved 1048576K
Event: 171.641 GC heap after
Heap after GC invocations=15 (full 3):
 PSYoungGen      total 185344K, used 8631K [0x000000076b180000, 0x0000000777600000, 0x00000007c0000000)
  eden space 176640K, 0% used [0x000000076b180000,0x000000076b180000,0x0000000775e00000)
  from space 8704K, 99% used [0x0000000776d80000,0x00000007775edde0,0x0000000777600000)
  to   space 10752K, 0% used [0x0000000776100000,0x0000000776100000,0x0000000776b80000)
 ParOldGen       total 258048K, used 17836K [0x00000006c1400000, 0x00000006d1000000, 0x000000076b180000)
  object space 258048K, 6% used [0x00000006c1400000,0x00000006c256b168,0x00000006d1000000)
 Metaspace       used 62228K, capacity 69085K, committed 69336K, reserved 1110016K
  class space    used 8369K, capacity 9137K, committed 9176K, reserved 1048576K
}

