# JRE version: Java(TM) SE Runtime Environment (8.0_311-b11) (build 1.8.0_311-b11)
# Java VM: Java HotSpot(TM) 64-Bit Server VM (25.311-b11 mixed mode windows-amd64 compressed oops)
Heap:
 PSYoungGen      total 133120K, used 12464K [0x000000076b180000, 0x0000000774780000, 0x00000007c0000000)
  eden space 122368K, 10% used [0x000000076b180000,0x000000076bdac3c0,0x0000000772900000)
  from space 10752K, 0% used [0x0000000772900000,0x0000000772900000,0x0000000773380000)
  to   space 10240K, 0% used [0x0000000773380000,0x0000000773380000,0x0000000773d80000)
 ParOldGen       total 185344K, used 18259K [0x00000006c1400000, 0x00000006cc900000, 0x000000076b180000)
  object space 185344K, 9% used [0x00000006c1400000,0x00000006c25d4d08,0x00000006cc900000)
 Metaspace       used 55718K, capacity 60001K, committed 60248K, reserved 1101824K
  class space    used 7556K, capacity 7999K, committed 8024K, reserved 1048576K
GC Heap History (10 events):
Event: 5.606 GC heap before
{Heap before GC invocations=6 (full 2):
 PSYoungGen      total 99328K, used 6767K [0x000000076b180000, 0x0000000772100000, 0x00000007c0000000)
  eden space 88576K, 0% used [0x000000076b180000,0x000000076b180000,0x0000000770800000)
  from space 10752K, 62% used [0x0000000771280000,0x000000077191bc00,0x0000000771d00000)
  to   space 10752K, 0% used [0x0000000770800000,0x0000000770800000,0x0000000771280000)
 ParOldGen       total 114688K, used 9023K [0x00000006c1400000, 0x00000006c8400000, 0x000000076b180000)
  object space 114688K, 7% used [0x00000006c1400000,0x00000006c1ccfdf8,0x00000006c8400000)
 Metaspace       used 33506K, capacity 35271K, committed 35456K, reserved 1079296K
  class space    used 4641K, capacity 4869K, committed 4992K, reserved 1048576K
Event: 5.634 GC heap after
Heap after GC invocations=6 (full 2):
 PSYoungGen      total 99328K, used 0K [0x000000076b180000, 0x0000000772100000, 0x00000007c0000000)
  eden space 88576K, 0% used [0x000000076b180000,0x000000076b180000,0x0000000770800000)
  from space 10752K, 0% used [0x0000000771280000,0x0000000771280000,0x0000000771d00000)
  to   space 10752K, 0% used [0x0000000770800000,0x0000000770800000,0x0000000771280000)
 ParOldGen       total 185344K, used 11118K [0x00000006c1400000, 0x00000006cc900000, 0x000000076b180000)
  object space 185344K, 5% used [0x00000006c1400000,0x00000006c1edb950,0x00000006cc900000)
 Metaspace       used 33506K, capacity 35271K, committed 35456K, reserved 1079296K
  class space    used 4641K, capacity 4869K, committed 4992K, reserved 1048576K
}
Event: 6.311 GC heap before
{Heap before GC invocations=7 (full 2):
 PSYoungGen      total 99328K, used 88576K [0x000000076b180000, 0x0000000772100000, 0x00000007c0000000)
  eden space 88576K, 100% used [0x000000076b180000,0x0000000770800000,0x0000000770800000)
  from space 10752K, 0% used [0x0000000771280000,0x0000000771280000,0x0000000771d00000)
  to   space 10752K, 0% used [0x0000000770800000,0x0000000770800000,0x0000000771280000)
 ParOldGen       total 185344K, used 11118K [0x00000006c1400000, 0x00000006cc900000, 0x000000076b180000)
  object space 185344K, 5% used [0x00000006c1400000,0x00000006c1edb950,0x00000006cc900000)
 Metaspace       used 40649K, capacity 42905K, committed 43136K, reserved 1087488K
  class space    used 5516K, capacity 5750K, committed 5760K, reserved 1048576K
Event: 6.318 GC heap after
Heap after GC invocations=7 (full 2):
 PSYoungGen      total 99328K, used 7680K [0x000000076b180000, 0x0000000773d80000, 0x00000007c0000000)
  eden space 88576K, 0% used [0x000000076b180000,0x000000076b180000,0x0000000770800000)
  from space 10752K, 71% used [0x0000000770800000,0x0000000770f80358,0x0000000771280000)
  to   space 10240K, 0% used [0x0000000773380000,0x0000000773380000,0x0000000773d80000)
 ParOldGen       total 185344K, used 11126K [0x00000006c1400000, 0x00000006cc900000, 0x000000076b180000)
  object space 185344K, 6% used [0x00000006c1400000,0x00000006c1edd950,0x00000006cc900000)
 Metaspace       used 40649K, capacity 42905K, committed 43136K, reserved 1087488K
  class space    used 5516K, capacity 5750K, committed 5760K, reserved 1048576K
}
Event: 6.864 GC heap before
{Heap before GC invocations=8 (full 2):
 PSYoungGen      total 99328K, used 96256K [0x000000076b180000, 0x0000000773d80000, 0x00000007c0000000)
  eden space 88576K, 100% used [0x000000076b180000,0x0000000770800000,0x0000000770800000)
  from space 10752K, 71% used [0x0000000770800000,0x0000000770f80358,0x0000000771280000)
  to   space 10240K, 0% used [0x0000000773380000,0x0000000773380000,0x0000000773d80000)
 ParOldGen       total 185344K, used 11126K [0x00000006c1400000, 0x00000006cc900000, 0x000000076b180000)
  object space 185344K, 6% used [0x00000006c1400000,0x00000006c1edd950,0x00000006cc900000)
 Metaspace       used 47795K, capacity 50427K, committed 50688K, reserved 1093632K
  class space    used 6346K, capacity 6591K, committed 6656K, reserved 1048576K
Event: 6.876 GC heap after
Heap after GC invocations=8 (full 2):
 PSYoungGen      total 132608K, used 9571K [0x000000076b180000, 0x0000000774780000, 0x00000007c0000000)
  eden space 122368K, 0% used [0x000000076b180000,0x000000076b180000,0x0000000772900000)
  from space 10240K, 93% used [0x0000000773380000,0x0000000773cd8c28,0x0000000773d80000)
  to   space 10752K, 0% used [0x0000000772900000,0x0000000772900000,0x0000000773380000)
 ParOldGen       total 185344K, used 11134K [0x00000006c1400000, 0x00000006cc900000, 0x000000076b180000)
  object space 185344K, 6% used [0x00000006c1400000,0x00000006c1edf950,0x00000006cc900000)
 Metaspace       used 47795K, capacity 50427K, committed 50688K, reserved 1093632K
  class space    used 6346K, capacity 6591K, committed 6656K, reserved 1048576K
}
Event: 8.503 GC heap before
{Heap before GC invocations=9 (full 2):
 PSYoungGen      total 132608K, used 98789K [0x000000076b180000, 0x0000000774780000, 0x00000007c0000000)
  eden space 122368K, 72% used [0x000000076b180000,0x00000007708a0940,0x0000000772900000)
  from space 10240K, 93% used [0x0000000773380000,0x0000000773cd8c28,0x0000000773d80000)
  to   space 10752K, 0% used [0x0000000772900000,0x0000000772900000,0x0000000773380000)
 ParOldGen       total 185344K, used 11134K [0x00000006c1400000, 0x00000006cc900000, 0x000000076b180000)
  object space 185344K, 6% used [0x00000006c1400000,0x00000006c1edf950,0x00000006cc900000)
 Metaspace       used 54980K, capacity 59055K, committed 59096K, reserved 1099776K
  class space    used 7421K, capacity 7856K, committed 7896K, reserved 1048576K
Event: 8.514 GC heap after
Heap after GC invocations=9 (full 2):
 PSYoungGen      total 133120K, used 10418K [0x000000076b180000, 0x0000000774780000, 0x00000007c0000000)
  eden space 122368K, 0% used [0x000000076b180000,0x000000076b180000,0x0000000772900000)
  from space 10752K, 96% used [0x0000000772900000,0x000000077332cbc0,0x0000000773380000)
  to   space 10240K, 0% used [0x0000000773380000,0x0000000773380000,0x0000000773d80000)
 ParOldGen       total 185344K, used 11142K [0x00000006c1400000, 0x00000006cc900000, 0x000000076b180000)
  object space 185344K, 6% used [0x00000006c1400000,0x00000006c1ee1950,0x00000006cc900000)
 Metaspace       used 54980K, capacity 59055K, committed 59096K, reserved 1099776K
  class space    used 7421K, capacity 7856K, committed 7896K, reserved 1048576K
}
Event: 8.514 GC heap before
{Heap before GC invocations=10 (full 3):
 PSYoungGen      total 133120K, used 10418K [0x000000076b180000, 0x0000000774780000, 0x00000007c0000000)
  eden space 122368K, 0% used [0x000000076b180000,0x000000076b180000,0x0000000772900000)
  from space 10752K, 96% used [0x0000000772900000,0x000000077332cbc0,0x0000000773380000)
  to   space 10240K, 0% used [0x0000000773380000,0x0000000773380000,0x0000000773d80000)
 ParOldGen       total 185344K, used 11142K [0x00000006c1400000, 0x00000006cc900000, 0x000000076b180000)
  object space 185344K, 6% used [0x00000006c1400000,0x00000006c1ee1950,0x00000006cc900000)
 Metaspace       used 54980K, capacity 59055K, committed 59096K, reserved 1099776K
  class space    used 7421K, capacity 7856K, committed 7896K, reserved 1048576K
Event: 8.657 GC heap after
Heap after GC invocations=10 (full 3):
 PSYoungGen      total 133120K, used 0K [0x000000076b180000, 0x0000000774780000, 0x00000007c0000000)
  eden space 122368K, 0% used [0x000000076b180000,0x000000076b180000,0x0000000772900000)
  from space 10752K, 0% used [0x0000000772900000,0x0000000772900000,0x0000000773380000)
  to   space 10240K, 0% used [0x0000000773380000,0x0000000773380000,0x0000000773d80000)
 ParOldGen       total 185344K, used 18259K [0x00000006c1400000, 0x00000006cc900000, 0x000000076b180000)
  object space 185344K, 9% used [0x00000006c1400000,0x00000006c25d4d08,0x00000006cc900000)
 Metaspace       used 54977K, capacity 59049K, committed 59096K, reserved 1099776K
  class space    used 7420K, capacity 7855K, committed 7896K, reserved 1048576K
}

