# JRE version: Java(TM) SE Runtime Environment (8.0_311-b11) (build 1.8.0_311-b11)
# Java VM: Java HotSpot(TM) 64-Bit Server VM (25.311-b11 mixed mode windows-amd64 compressed oops)
Heap:
 PSYoungGen      total 101888K, used 48833K [0x000000076b180000, 0x0000000772280000, 0x00000007c0000000)
  eden space 91136K, 53% used [0x000000076b180000,0x000000076e130738,0x0000000770a80000)
  from space 10752K, 0% used [0x0000000771500000,0x0000000771500000,0x0000000771f80000)
  to   space 10752K, 0% used [0x0000000770a80000,0x0000000770a80000,0x0000000771500000)
 ParOldGen       total 180736K, used 11133K [0x00000006c1400000, 0x00000006cc480000, 0x000000076b180000)
  object space 180736K, 6% used [0x00000006c1400000,0x00000006c1edf4f0,0x00000006cc480000)
 Metaspace       used 37584K, capacity 39648K, committed 39808K, reserved 1087488K
  class space    used 5150K, capacity 5384K, committed 5504K, reserved 1048576K
GC Heap History (10 events):
Event: 3.515 GC heap before
{Heap before GC invocations=2 (full 0):
 PSYoungGen      total 76288K, used 69868K [0x000000076b180000, 0x0000000770680000, 0x00000007c0000000)
  eden space 65536K, 92% used [0x000000076b180000,0x000000076ece1948,0x000000076f180000)
  from space 10752K, 84% used [0x000000076f180000,0x000000076fa598a8,0x000000076fc00000)
  to   space 10752K, 0% used [0x000000076fc00000,0x000000076fc00000,0x0000000770680000)
 ParOldGen       total 175104K, used 16K [0x00000006c1400000, 0x00000006cbf00000, 0x000000076b180000)
  object space 175104K, 0% used [0x00000006c1400000,0x00000006c1404000,0x00000006cbf00000)
 Metaspace       used 20243K, capacity 21213K, committed 21296K, reserved 1067008K
  class space    used 2796K, capacity 2944K, committed 2944K, reserved 1048576K
Event: 3.524 GC heap after
Heap after GC invocations=2 (full 0):
 PSYoungGen      total 76288K, used 9454K [0x000000076b180000, 0x0000000770680000, 0x00000007c0000000)
  eden space 65536K, 0% used [0x000000076b180000,0x000000076b180000,0x000000076f180000)
  from space 10752K, 87% used [0x000000076fc00000,0x000000077053b978,0x0000000770680000)
  to   space 10752K, 0% used [0x000000076f180000,0x000000076f180000,0x000000076fc00000)
 ParOldGen       total 175104K, used 32K [0x00000006c1400000, 0x00000006cbf00000, 0x000000076b180000)
  object space 175104K, 0% used [0x00000006c1400000,0x00000006c1408018,0x00000006cbf00000)
 Metaspace       used 20243K, capacity 21213K, committed 21296K, reserved 1067008K
  class space    used 2796K, capacity 2944K, committed 2944K, reserved 1048576K
}
Event: 3.524 GC heap before
{Heap before GC invocations=3 (full 1):
 PSYoungGen      total 76288K, used 9454K [0x000000076b180000, 0x0000000770680000, 0x00000007c0000000)
  eden space 65536K, 0% used [0x000000076b180000,0x000000076b180000,0x000000076f180000)
  from space 10752K, 87% used [0x000000076fc00000,0x000000077053b978,0x0000000770680000)
  to   space 10752K, 0% used [0x000000076f180000,0x000000076f180000,0x000000076fc00000)
 ParOldGen       total 175104K, used 32K [0x00000006c1400000, 0x00000006cbf00000, 0x000000076b180000)
  object space 175104K, 0% used [0x00000006c1400000,0x00000006c1408018,0x00000006cbf00000)
 Metaspace       used 20243K, capacity 21213K, committed 21296K, reserved 1067008K
  class space    used 2796K, capacity 2944K, committed 2944K, reserved 1048576K
Event: 3.555 GC heap after
Heap after GC invocations=3 (full 1):
 PSYoungGen      total 76288K, used 0K [0x000000076b180000, 0x0000000770680000, 0x00000007c0000000)
  eden space 65536K, 0% used [0x000000076b180000,0x000000076b180000,0x000000076f180000)
  from space 10752K, 0% used [0x000000076fc00000,0x000000076fc00000,0x0000000770680000)
  to   space 10752K, 0% used [0x000000076f180000,0x000000076f180000,0x000000076fc00000)
 ParOldGen       total 111616K, used 9006K [0x00000006c1400000, 0x00000006c8100000, 0x000000076b180000)
  object space 111616K, 8% used [0x00000006c1400000,0x00000006c1ccbb20,0x00000006c8100000)
 Metaspace       used 20243K, capacity 21213K, committed 21296K, reserved 1067008K
  class space    used 2796K, capacity 2944K, committed 2944K, reserved 1048576K
}
Event: 4.856 GC heap before
{Heap before GC invocations=4 (full 1):
 PSYoungGen      total 76288K, used 65536K [0x000000076b180000, 0x0000000770680000, 0x00000007c0000000)
  eden space 65536K, 100% used [0x000000076b180000,0x000000076f180000,0x000000076f180000)
  from space 10752K, 0% used [0x000000076fc00000,0x000000076fc00000,0x0000000770680000)
  to   space 10752K, 0% used [0x000000076f180000,0x000000076f180000,0x000000076fc00000)
 ParOldGen       total 111616K, used 9006K [0x00000006c1400000, 0x00000006c8100000, 0x000000076b180000)
  object space 111616K, 8% used [0x00000006c1400000,0x00000006c1ccbb20,0x00000006c8100000)
 Metaspace       used 27731K, capacity 29091K, committed 29184K, reserved 1075200K
  class space    used 3878K, capacity 4071K, committed 4096K, reserved 1048576K
Event: 4.860 GC heap after
Heap after GC invocations=4 (full 1):
 PSYoungGen      total 76288K, used 6425K [0x000000076b180000, 0x0000000771f80000, 0x00000007c0000000)
  eden space 65536K, 0% used [0x000000076b180000,0x000000076b180000,0x000000076f180000)
  from space 10752K, 59% used [0x000000076f180000,0x000000076f7c67b0,0x000000076fc00000)
  to   space 10752K, 0% used [0x0000000771500000,0x0000000771500000,0x0000000771f80000)
 ParOldGen       total 111616K, used 9014K [0x00000006c1400000, 0x00000006c8100000, 0x000000076b180000)
  object space 111616K, 8% used [0x00000006c1400000,0x00000006c1ccdb20,0x00000006c8100000)
 Metaspace       used 27731K, capacity 29091K, committed 29184K, reserved 1075200K
  class space    used 3878K, capacity 4071K, committed 4096K, reserved 1048576K
}
Event: 5.455 GC heap before
{Heap before GC invocations=5 (full 1):
 PSYoungGen      total 76288K, used 49846K [0x000000076b180000, 0x0000000771f80000, 0x00000007c0000000)
  eden space 65536K, 66% used [0x000000076b180000,0x000000076dbe7220,0x000000076f180000)
  from space 10752K, 59% used [0x000000076f180000,0x000000076f7c67b0,0x000000076fc00000)
  to   space 10752K, 0% used [0x0000000771500000,0x0000000771500000,0x0000000771f80000)
 ParOldGen       total 111616K, used 9014K [0x00000006c1400000, 0x00000006c8100000, 0x000000076b180000)
  object space 111616K, 8% used [0x00000006c1400000,0x00000006c1ccdb20,0x00000006c8100000)
 Metaspace       used 33511K, capacity 35281K, committed 35456K, reserved 1079296K
  class space    used 4636K, capacity 4868K, committed 4992K, reserved 1048576K
Event: 5.461 GC heap after
Heap after GC invocations=5 (full 1):
 PSYoungGen      total 101888K, used 6751K [0x000000076b180000, 0x0000000772280000, 0x00000007c0000000)
  eden space 91136K, 0% used [0x000000076b180000,0x000000076b180000,0x0000000770a80000)
  from space 10752K, 62% used [0x0000000771500000,0x0000000771b97d10,0x0000000771f80000)
  to   space 10752K, 0% used [0x0000000770a80000,0x0000000770a80000,0x0000000771500000)
 ParOldGen       total 111616K, used 9022K [0x00000006c1400000, 0x00000006c8100000, 0x000000076b180000)
  object space 111616K, 8% used [0x00000006c1400000,0x00000006c1ccfb20,0x00000006c8100000)
 Metaspace       used 33511K, capacity 35281K, committed 35456K, reserved 1079296K
  class space    used 4636K, capacity 4868K, committed 4992K, reserved 1048576K
}
Event: 5.461 GC heap before
{Heap before GC invocations=6 (full 2):
 PSYoungGen      total 101888K, used 6751K [0x000000076b180000, 0x0000000772280000, 0x00000007c0000000)
  eden space 91136K, 0% used [0x000000076b180000,0x000000076b180000,0x0000000770a80000)
  from space 10752K, 62% used [0x0000000771500000,0x0000000771b97d10,0x0000000771f80000)
  to   space 10752K, 0% used [0x0000000770a80000,0x0000000770a80000,0x0000000771500000)
 ParOldGen       total 111616K, used 9022K [0x00000006c1400000, 0x00000006c8100000, 0x000000076b180000)
  object space 111616K, 8% used [0x00000006c1400000,0x00000006c1ccfb20,0x00000006c8100000)
 Metaspace       used 33511K, capacity 35281K, committed 35456K, reserved 1079296K
  class space    used 4636K, capacity 4868K, committed 4992K, reserved 1048576K
Event: 5.494 GC heap after
Heap after GC invocations=6 (full 2):
 PSYoungGen      total 101888K, used 0K [0x000000076b180000, 0x0000000772280000, 0x00000007c0000000)
  eden space 91136K, 0% used [0x000000076b180000,0x000000076b180000,0x0000000770a80000)
  from space 10752K, 0% used [0x0000000771500000,0x0000000771500000,0x0000000771f80000)
  to   space 10752K, 0% used [0x0000000770a80000,0x0000000770a80000,0x0000000771500000)
 ParOldGen       total 180736K, used 11133K [0x00000006c1400000, 0x00000006cc480000, 0x000000076b180000)
  object space 180736K, 6% used [0x00000006c1400000,0x00000006c1edf4f0,0x00000006cc480000)
 Metaspace       used 33511K, capacity 35281K, committed 35456K, reserved 1079296K
  class space    used 4636K, capacity 4868K, committed 4992K, reserved 1048576K
}

