# JRE version: Java(TM) SE Runtime Environment (8.0_311-b11) (build 1.8.0_311-b11)
# Java VM: Java HotSpot(TM) 64-Bit Server VM (25.311-b11 mixed mode windows-amd64 compressed oops)
Heap:
 PSYoungGen      total 228864K, used 86914K [0x000000076b180000, 0x0000000779f00000, 0x00000007c0000000)
  eden space 218624K, 35% used [0x000000076b180000,0x000000076fc90ab0,0x0000000778700000)
  from space 10240K, 98% used [0x0000000778e80000,0x00000007798500f8,0x0000000779880000)
  to   space 6656K, 0% used [0x0000000779880000,0x0000000779880000,0x0000000779f00000)
 ParOldGen       total 236544K, used 16925K [0x00000006c1400000, 0x00000006cfb00000, 0x000000076b180000)
  object space 236544K, 7% used [0x00000006c1400000,0x00000006c2487778,0x00000006cfb00000)
 Metaspace       used 63888K, capacity 72755K, committed 72832K, reserved 1112064K
  class space    used 8778K, capacity 9810K, committed 9856K, reserved 1048576K
GC Heap History (10 events):
Event: 27.476 GC heap before
{Heap before GC invocations=12 (full 3):
 PSYoungGen      total 184832K, used 184728K [0x000000076b180000, 0x0000000778780000, 0x00000007c0000000)
  eden space 180224K, 100% used [0x000000076b180000,0x0000000776180000,0x0000000776180000)
  from space 4608K, 97% used [0x0000000778300000,0x0000000778766060,0x0000000778780000)
  to   space 11264K, 0% used [0x0000000777180000,0x0000000777180000,0x0000000777c80000)
 ParOldGen       total 236544K, used 16885K [0x00000006c1400000, 0x00000006cfb00000, 0x000000076b180000)
  object space 236544K, 7% used [0x00000006c1400000,0x00000006c247d778,0x00000006cfb00000)
 Metaspace       used 62214K, capacity 71077K, committed 71296K, reserved 1110016K
  class space    used 8755K, capacity 9786K, committed 9856K, reserved 1048576K
Event: 27.487 GC heap after
Heap after GC invocations=12 (full 3):
 PSYoungGen      total 207872K, used 6569K [0x000000076b180000, 0x0000000779280000, 0x00000007c0000000)
  eden space 196608K, 0% used [0x000000076b180000,0x000000076b180000,0x0000000777180000)
  from space 11264K, 58% used [0x0000000777180000,0x00000007777ea528,0x0000000777c80000)
  to   space 11264K, 0% used [0x0000000778780000,0x0000000778780000,0x0000000779280000)
 ParOldGen       total 236544K, used 16893K [0x00000006c1400000, 0x00000006cfb00000, 0x000000076b180000)
  object space 236544K, 7% used [0x00000006c1400000,0x00000006c247f778,0x00000006cfb00000)
 Metaspace       used 62214K, capacity 71077K, committed 71296K, reserved 1110016K
  class space    used 8755K, capacity 9786K, committed 9856K, reserved 1048576K
}
Event: 57.331 GC heap before
{Heap before GC invocations=13 (full 3):
 PSYoungGen      total 207872K, used 201102K [0x000000076b180000, 0x0000000779280000, 0x00000007c0000000)
  eden space 196608K, 98% used [0x000000076b180000,0x0000000776f79640,0x0000000777180000)
  from space 11264K, 58% used [0x0000000777180000,0x00000007777ea528,0x0000000777c80000)
  to   space 11264K, 0% used [0x0000000778780000,0x0000000778780000,0x0000000779280000)
 ParOldGen       total 236544K, used 16893K [0x00000006c1400000, 0x00000006cfb00000, 0x000000076b180000)
  object space 236544K, 7% used [0x00000006c1400000,0x00000006c247f778,0x00000006cfb00000)
 Metaspace       used 62865K, capacity 71763K, committed 72064K, reserved 1112064K
  class space    used 8774K, capacity 9810K, committed 9856K, reserved 1048576K
Event: 57.344 GC heap after
Heap after GC invocations=13 (full 3):
 PSYoungGen      total 219136K, used 8137K [0x000000076b180000, 0x0000000779f80000, 0x00000007c0000000)
  eden space 207872K, 0% used [0x000000076b180000,0x000000076b180000,0x0000000777c80000)
  from space 11264K, 72% used [0x0000000778780000,0x0000000778f725f0,0x0000000779280000)
  to   space 11264K, 0% used [0x0000000777c80000,0x0000000777c80000,0x0000000778780000)
 ParOldGen       total 236544K, used 16901K [0x00000006c1400000, 0x00000006cfb00000, 0x000000076b180000)
  object space 236544K, 7% used [0x00000006c1400000,0x00000006c2481778,0x00000006cfb00000)
 Metaspace       used 62865K, capacity 71763K, committed 72064K, reserved 1112064K
  class space    used 8774K, capacity 9810K, committed 9856K, reserved 1048576K
}
Event: 87.304 GC heap before
{Heap before GC invocations=14 (full 3):
 PSYoungGen      total 219136K, used 216009K [0x000000076b180000, 0x0000000779f80000, 0x00000007c0000000)
  eden space 207872K, 100% used [0x000000076b180000,0x0000000777c80000,0x0000000777c80000)
  from space 11264K, 72% used [0x0000000778780000,0x0000000778f725f0,0x0000000779280000)
  to   space 11264K, 0% used [0x0000000777c80000,0x0000000777c80000,0x0000000778780000)
 ParOldGen       total 236544K, used 16901K [0x00000006c1400000, 0x00000006cfb00000, 0x000000076b180000)
  object space 236544K, 7% used [0x00000006c1400000,0x00000006c2481778,0x00000006cfb00000)
 Metaspace       used 63189K, capacity 72047K, committed 72320K, reserved 1112064K
  class space    used 8777K, capacity 9810K, committed 9856K, reserved 1048576K
Event: 87.313 GC heap after
Heap after GC invocations=14 (full 3):
 PSYoungGen      total 219136K, used 9237K [0x000000076b180000, 0x000000077a680000, 0x00000007c0000000)
  eden space 207872K, 0% used [0x000000076b180000,0x000000076b180000,0x0000000777c80000)
  from space 11264K, 82% used [0x0000000777c80000,0x0000000778585780,0x0000000778780000)
  to   space 11264K, 0% used [0x0000000779b80000,0x0000000779b80000,0x000000077a680000)
 ParOldGen       total 236544K, used 16909K [0x00000006c1400000, 0x00000006cfb00000, 0x000000076b180000)
  object space 236544K, 7% used [0x00000006c1400000,0x00000006c2483778,0x00000006cfb00000)
 Metaspace       used 63189K, capacity 72047K, committed 72320K, reserved 1112064K
  class space    used 8777K, capacity 9810K, committed 9856K, reserved 1048576K
}
Event: 117.311 GC heap before
{Heap before GC invocations=15 (full 3):
 PSYoungGen      total 219136K, used 217109K [0x000000076b180000, 0x000000077a680000, 0x00000007c0000000)
  eden space 207872K, 100% used [0x000000076b180000,0x0000000777c80000,0x0000000777c80000)
  from space 11264K, 82% used [0x0000000777c80000,0x0000000778585780,0x0000000778780000)
  to   space 11264K, 0% used [0x0000000779b80000,0x0000000779b80000,0x000000077a680000)
 ParOldGen       total 236544K, used 16909K [0x00000006c1400000, 0x00000006cfb00000, 0x000000076b180000)
  object space 236544K, 7% used [0x00000006c1400000,0x00000006c2483778,0x00000006cfb00000)
 Metaspace       used 63513K, capacity 72407K, committed 72576K, reserved 1112064K
  class space    used 8778K, capacity 9810K, committed 9856K, reserved 1048576K
Event: 117.318 GC heap after
Heap after GC invocations=15 (full 3):
 PSYoungGen      total 234496K, used 9731K [0x000000076b180000, 0x000000077a580000, 0x00000007c0000000)
  eden space 224256K, 0% used [0x000000076b180000,0x000000076b180000,0x0000000778c80000)
  from space 10240K, 95% used [0x0000000779b80000,0x000000077a500de0,0x000000077a580000)
  to   space 11776K, 0% used [0x0000000778e80000,0x0000000778e80000,0x0000000779a00000)
 ParOldGen       total 236544K, used 16917K [0x00000006c1400000, 0x00000006cfb00000, 0x000000076b180000)
  object space 236544K, 7% used [0x00000006c1400000,0x00000006c2485778,0x00000006cfb00000)
 Metaspace       used 63513K, capacity 72407K, committed 72576K, reserved 1112064K
  class space    used 8778K, capacity 9810K, committed 9856K, reserved 1048576K
}
Event: 147.353 GC heap before
{Heap before GC invocations=16 (full 3):
 PSYoungGen      total 234496K, used 231795K [0x000000076b180000, 0x000000077a580000, 0x00000007c0000000)
  eden space 224256K, 99% used [0x000000076b180000,0x0000000778a5c000,0x0000000778c80000)
  from space 10240K, 95% used [0x0000000779b80000,0x000000077a500de0,0x000000077a580000)
  to   space 11776K, 0% used [0x0000000778e80000,0x0000000778e80000,0x0000000779a00000)
 ParOldGen       total 236544K, used 16917K [0x00000006c1400000, 0x00000006cfb00000, 0x000000076b180000)
  object space 236544K, 7% used [0x00000006c1400000,0x00000006c2485778,0x00000006cfb00000)
 Metaspace       used 63817K, capacity 72691K, committed 72832K, reserved 1112064K
  class space    used 8778K, capacity 9810K, committed 9856K, reserved 1048576K
Event: 147.366 GC heap after
Heap after GC invocations=16 (full 3):
 PSYoungGen      total 228864K, used 10048K [0x000000076b180000, 0x0000000779f00000, 0x00000007c0000000)
  eden space 218624K, 0% used [0x000000076b180000,0x000000076b180000,0x0000000778700000)
  from space 10240K, 98% used [0x0000000778e80000,0x00000007798500f8,0x0000000779880000)
  to   space 6656K, 0% used [0x0000000779880000,0x0000000779880000,0x0000000779f00000)
 ParOldGen       total 236544K, used 16925K [0x00000006c1400000, 0x00000006cfb00000, 0x000000076b180000)
  object space 236544K, 7% used [0x00000006c1400000,0x00000006c2487778,0x00000006cfb00000)
 Metaspace       used 63817K, capacity 72691K, committed 72832K, reserved 1112064K
  class space    used 8778K, capacity 9810K, committed 9856K, reserved 1048576K
}

